0 info it worked if it ends with ok
1 verbose cli [ 'X:\\Software\\Node\\node.exe',
1 verbose cli   'X:\\Software\\Node\\node_modules\\npm\\bin\\npm-cli.js',
1 verbose cli   'start' ]
2 info using npm@3.9.2
3 info using node@v4.4.5
4 verbose run-script [ 'prestart', 'start', 'poststart' ]
5 info lifecycle codewebapp@0.0.1~prestart: codewebapp@0.0.1
6 silly lifecycle codewebapp@0.0.1~prestart: no script for prestart, continuing
7 info lifecycle codewebapp@0.0.1~start: codewebapp@0.0.1
8 verbose lifecycle codewebapp@0.0.1~start: unsafe-perm in lifecycle true
9 verbose lifecycle codewebapp@0.0.1~start: PATH: X:\Software\Node\node_modules\npm\bin\node-gyp-bin;D:\Users\hobsonl\Fujitsu\DBYD\websites\CodeWebApp\node_modules\.bin;X:\Software\Node;x:\Software\ImageMagick\ImageMagick-6.6.2-10;%SystemRoot%\system32\WindowsPowerShell\v1.0\;C:\ProgramData\Oracle\Java\javapath;C:\Program Files\CA\SC\CAWIN\;C:\windows\system32;C:\windows;C:\windows\System32\Wbem;C:\windows\System32\WindowsPowerShell\v1.0\;C:\windows\System32\WindowsPowerShell\v1.0\;C:\Program Files\CA\SC\Csam\SockAdapter\bin;C:\PROGRA~1\CA\SC\CAM\bin;C:\Program Files\CA\SC\CBB\;C:\Program Files\CA\DSM\bin;C:\Program Files\Enterprise Vault\EVClient\;C:\Program Files\Microsoft SQL Server\110\Tools\Binn\;C:\Program Files\Microsoft SQL Server\110\DTS\Binn\;C:\Program Files\Microsoft SQL Server\110\Tools\Binn\ManagementStudio\;C:\Program Files\Skype\Phone\;C:\Program Files\BaseX\bin;C:\Program Files\Microsoft SQL Server Migration Assistant for Access\bin\;C:\Program Files\GNU\GnuPG\pub;C:\Program Files\Amazon\AWSCLI\;C:\ProgramData\chocolatey\bin;D:\Users\hobsonl\AppData\Local\atom\bin;D:\Users\hobsonl\AppData\Local\Programs\Git\cmd;x:\Python\App;x:\Software\MikTex\miktex\bin;x:\Software\Pandoc;x:\PortableApps\CommonFiles\Ghostscript\bin;X:\Software\Node;X:\Software\GraphViz\bin\;C:\windows\system32\windowspowershell\v1.0\Modules\Pscx\Apps;D:\Users\hobsonl\AppData\Local\Programs\Git\cmd\
10 verbose lifecycle codewebapp@0.0.1~start: CWD: D:\Users\hobsonl\Fujitsu\DBYD\websites\CodeWebApp
11 silly lifecycle codewebapp@0.0.1~start: Args: [ '/d /s /c', 'node ./bin/www' ]
12 silly lifecycle codewebapp@0.0.1~start: Returned: code: 1  signal: null
13 info lifecycle codewebapp@0.0.1~start: Failed to exec start script
14 verbose stack Error: codewebapp@0.0.1 start: `node ./bin/www`
14 verbose stack Exit status 1
14 verbose stack     at EventEmitter.<anonymous> (X:\Software\Node\node_modules\npm\lib\utils\lifecycle.js:245:16)
14 verbose stack     at emitTwo (events.js:87:13)
14 verbose stack     at EventEmitter.emit (events.js:172:7)
14 verbose stack     at ChildProcess.<anonymous> (X:\Software\Node\node_modules\npm\lib\utils\spawn.js:24:14)
14 verbose stack     at emitTwo (events.js:87:13)
14 verbose stack     at ChildProcess.emit (events.js:172:7)
14 verbose stack     at maybeClose (internal/child_process.js:827:16)
14 verbose stack     at Process.ChildProcess._handle.onexit (internal/child_process.js:211:5)
15 verbose pkgid codewebapp@0.0.1
16 verbose cwd D:\Users\hobsonl\Fujitsu\DBYD\websites\CodeWebApp
17 error Windows_NT 6.1.7601
18 error argv "X:\\Software\\Node\\node.exe" "X:\\Software\\Node\\node_modules\\npm\\bin\\npm-cli.js" "start"
19 error node v4.4.5
20 error npm  v3.9.2
21 error code ELIFECYCLE
22 error codewebapp@0.0.1 start: `node ./bin/www`
22 error Exit status 1
23 error Failed at the codewebapp@0.0.1 start script 'node ./bin/www'.
23 error Make sure you have the latest version of node.js and npm installed.
23 error If you do, this is most likely a problem with the codewebapp package,
23 error not with npm itself.
23 error Tell the author that this fails on your system:
23 error     node ./bin/www
23 error You can get information on how to open an issue for this project with:
23 error     npm bugs codewebapp
23 error Or if that isn't available, you can get their info via:
23 error     npm owner ls codewebapp
23 error There is likely additional logging output above.
24 verbose exit [ 1, true ]
